<?xml version="1.0" encoding="UTF-8"?>
<!-- Generated by org.testng.reporters.JUnitReportReporter -->
<testsuite hostname="DESKTOP-DC5OTEE" failures="0" tests="4" name="Selleniun_start_projects.Selleniun_start_projects.TriangleClassificationTest" time="1.500" errors="0" timestamp="23 Jan 2025 19:33:33 GMT">
  <testcase classname="Selleniun_start_projects.Selleniun_start_projects.TriangleClassificationTest" name="testEquilateralTriangle" time="0.309"/>
  <testcase classname="Selleniun_start_projects.Selleniun_start_projects.TriangleClassificationTest" name="invalid" time="0.298"/>
  <testcase classname="Selleniun_start_projects.Selleniun_start_projects.TriangleClassificationTest" name="testIsoscelesTriangle" time="0.572"/>
  <testcase classname="Selleniun_start_projects.Selleniun_start_projects.TriangleClassificationTest" name="testScaleneTriangle" time="0.321"/>
</testsuite> <!-- Selleniun_start_projects.Selleniun_start_projects.TriangleClassificationTest -->
