<?xml version="1.0" encoding="UTF-8"?>
<!-- Generated by org.testng.reporters.JUnitReportReporter -->
<testsuite hostname="DESKTOP-DC5OTEE" failures="0" tests="1" name="Selleniun_start_projects.Selleniun_start_projects.AppTest" time="3.797" errors="0" timestamp="23 Jan 2025 19:33:33 GMT">
  <testcase classname="Selleniun_start_projects.Selleniun_start_projects.AppTest" name="Tests1" time="3.797"/>
</testsuite> <!-- Selleniun_start_projects.Selleniun_start_projects.AppTest -->
